        -:    0:Source:main.c
        -:    0:Programs:2
        -:    1:#include <stdio.h>
        -:    2:#include <stdlib.h>
        -:    3:#include <stdbool.h>
        -:    4:#include "pe10.h"
        -:    5:
        -:    6:
        4:    7:int main(int argc, char **argv) {
        4:    8:  bool * arr = malloc(sizeof(bool) * atoi(argv[1]));
       40:    9:  for (int i = 0; i < atoi(argv[1]);i++){
       36:   10:    arr[i] = true;
        -:   11:  }
        4:   12:  josephus(arr,atoi(argv[1]),atoi(argv[2]),atoi(argv[3]));
        4:   13:  free(arr);
        4:   14:  return EXIT_SUCCESS;
        -:   15:}
